10 3.5514
20 3.43895
30 3.40774
40 3.39474
50 3.38804
60 3.38412
70 3.38205
80 3.38067
90 3.37984
100 3.37933
110 3.37898
120 3.37873
130 3.37858
140 3.37845
150 3.37836
160 3.3783
170 3.37824
180 3.3782
190 3.37816
200 3.37811
210 3.37807
220 3.37803
230 3.37799
240 3.37796
250 3.37793
260 3.3779
270 3.37788
280 3.37787
290 3.37785
300 3.37784
310 3.37783
320 3.37782
330 3.37781
340 3.3778
350 3.37779
360 3.37779
370 3.37778
380 3.37777
390 3.37776
400 3.37776
410 3.37775
420 3.37775
430 3.37774
440 3.37774
450 3.37773
460 3.37773
470 3.37773
480 3.37772
490 3.37772
500 3.37772
