10 3.53139
20 3.43217
30 3.40472
40 3.39304
50 3.38699
60 3.38361
70 3.3815
80 3.38024
90 3.37949
100 3.37903
110 3.37875
120 3.37862
130 3.37849
140 3.37841
150 3.37835
160 3.37828
170 3.37823
180 3.37816
190 3.37811
200 3.37806
210 3.37801
220 3.37798
230 3.37794
240 3.37791
250 3.37789
260 3.37788
270 3.37786
280 3.37785
290 3.37783
300 3.37782
310 3.37781
320 3.3778
330 3.37779
340 3.37778
350 3.37778
360 3.37777
370 3.37776
380 3.37776
390 3.37775
400 3.37775
410 3.37774
420 3.37774
430 3.37773
440 3.37773
450 3.37773
460 3.37772
470 3.37772
480 3.37772
490 3.37771
500 3.37771
