S_t          = 50.000000
K            = 40.000000
r            = 0.100000
q            = 0.050000
sigma        = 0.300000
T_minus_t    = 0.500000
M            = 10
n            = 10
S_ave_t      = 50.000000
passing_time = 0.000000
n_sim        = 10000
n_rep        = 20
u: 1.069383, d: 0.935118, p: 0.501879, dT: 0.050000, passing_period: 1.000000
tree[0][0]:
A    : 50.000000 50.000000 50.000000 50.000000 50.000000 50.000000 50.000000 50.000000 50.000000 50.000000 50.000000 
C    : 10.141914 10.141914 10.141914 10.141914 10.141914 10.141914 10.141914 10.141914 10.141914 10.141914 10.141914 
A_log: 50.000000 50.000000 50.000000 50.000000 50.000000 50.000000 50.000000 50.000000 50.000000 50.000000 50.000000 
C_log: 10.142300 10.142300 10.142300 10.142300 10.142300 10.142300 10.142300 10.142300 10.142300 10.142300 10.142300 
tree[0][1]:
A    : 0.000000 0.000000 0.000000 0.000000 0.000000 0.000000 0.000000 0.000000 0.000000 0.000000 0.000000 
C    : 0.000000 0.000000 0.000000 0.000000 0.000000 0.000000 0.000000 0.000000 0.000000 0.000000 0.000000 
A_log: 0.000000 0.000000 0.000000 0.000000 0.000000 0.000000 0.000000 0.000000 0.000000 0.000000 0.000000 
C_log: 0.000000 0.000000 0.000000 0.000000 0.000000 0.000000 0.000000 0.000000 0.000000 0.000000 0.000000 
tree[0][2]:
A    : 0.000000 0.000000 0.000000 0.000000 0.000000 0.000000 0.000000 0.000000 0.000000 0.000000 0.000000 
C    : 0.000000 0.000000 0.000000 0.000000 0.000000 0.000000 0.000000 0.000000 0.000000 0.000000 0.000000 
A_log: 0.000000 0.000000 0.000000 0.000000 0.000000 0.000000 0.000000 0.000000 0.000000 0.000000 0.000000 
C_log: 0.000000 0.000000 0.000000 0.000000 0.000000 0.000000 0.000000 0.000000 0.000000 0.000000 0.000000 
tree[0][3]:
A    : 0.000000 0.000000 0.000000 0.000000 0.000000 0.000000 0.000000 0.000000 0.000000 0.000000 0.000000 
C    : 0.000000 0.000000 0.000000 0.000000 0.000000 0.000000 0.000000 0.000000 0.000000 0.000000 0.000000 
A_log: 0.000000 0.000000 0.000000 0.000000 0.000000 0.000000 0.000000 0.000000 0.000000 0.000000 0.000000 
C_log: 0.000000 0.000000 0.000000 0.000000 0.000000 0.000000 0.000000 0.000000 0.000000 0.000000 0.000000 
tree[0][4]:
A    : 0.000000 0.000000 0.000000 0.000000 0.000000 0.000000 0.000000 0.000000 0.000000 0.000000 0.000000 
C    : 0.000000 0.000000 0.000000 0.000000 0.000000 0.000000 0.000000 0.000000 0.000000 0.000000 0.000000 
A_log: 0.000000 0.000000 0.000000 0.000000 0.000000 0.000000 0.000000 0.000000 0.000000 0.000000 0.000000 
C_log: 0.000000 0.000000 0.000000 0.000000 0.000000 0.000000 0.000000 0.000000 0.000000 0.000000 0.000000 
tree[0][5]:
A    : 0.000000 0.000000 0.000000 0.000000 0.000000 0.000000 0.000000 0.000000 0.000000 0.000000 0.000000 
C    : 0.000000 0.000000 0.000000 0.000000 0.000000 0.000000 0.000000 0.000000 0.000000 0.000000 0.000000 
A_log: 0.000000 0.000000 0.000000 0.000000 0.000000 0.000000 0.000000 0.000000 0.000000 0.000000 0.000000 
C_log: 0.000000 0.000000 0.000000 0.000000 0.000000 0.000000 0.000000 0.000000 0.000000 0.000000 0.000000 
tree[0][6]:
A    : 0.000000 0.000000 0.000000 0.000000 0.000000 0.000000 0.000000 0.000000 0.000000 0.000000 0.000000 
C    : 0.000000 0.000000 0.000000 0.000000 0.000000 0.000000 0.000000 0.000000 0.000000 0.000000 0.000000 
A_log: 0.000000 0.000000 0.000000 0.000000 0.000000 0.000000 0.000000 0.000000 0.000000 0.000000 0.000000 
C_log: 0.000000 0.000000 0.000000 0.000000 0.000000 0.000000 0.000000 0.000000 0.000000 0.000000 0.000000 
tree[0][7]:
A    : 0.000000 0.000000 0.000000 0.000000 0.000000 0.000000 0.000000 0.000000 0.000000 0.000000 0.000000 
C    : 0.000000 0.000000 0.000000 0.000000 0.000000 0.000000 0.000000 0.000000 0.000000 0.000000 0.000000 
A_log: 0.000000 0.000000 0.000000 0.000000 0.000000 0.000000 0.000000 0.000000 0.000000 0.000000 0.000000 
C_log: 0.000000 0.000000 0.000000 0.000000 0.000000 0.000000 0.000000 0.000000 0.000000 0.000000 0.000000 
tree[0][8]:
A    : 0.000000 0.000000 0.000000 0.000000 0.000000 0.000000 0.000000 0.000000 0.000000 0.000000 0.000000 
C    : 0.000000 0.000000 0.000000 0.000000 0.000000 0.000000 0.000000 0.000000 0.000000 0.000000 0.000000 
A_log: 0.000000 0.000000 0.000000 0.000000 0.000000 0.000000 0.000000 0.000000 0.000000 0.000000 0.000000 
C_log: 0.000000 0.000000 0.000000 0.000000 0.000000 0.000000 0.000000 0.000000 0.000000 0.000000 0.000000 
tree[0][9]:
A    : 0.000000 0.000000 0.000000 0.000000 0.000000 0.000000 0.000000 0.000000 0.000000 0.000000 0.000000 
C    : 0.000000 0.000000 0.000000 0.000000 0.000000 0.000000 0.000000 0.000000 0.000000 0.000000 0.000000 
A_log: 0.000000 0.000000 0.000000 0.000000 0.000000 0.000000 0.000000 0.000000 0.000000 0.000000 0.000000 
C_log: 0.000000 0.000000 0.000000 0.000000 0.000000 0.000000 0.000000 0.000000 0.000000 0.000000 0.000000 
tree[0][10]:
A    : 0.000000 0.000000 0.000000 0.000000 0.000000 0.000000 0.000000 0.000000 0.000000 0.000000 0.000000 
C    : 0.000000 0.000000 0.000000 0.000000 0.000000 0.000000 0.000000 0.000000 0.000000 0.000000 0.000000 
A_log: 0.000000 0.000000 0.000000 0.000000 0.000000 0.000000 0.000000 0.000000 0.000000 0.000000 0.000000 
C_log: 0.000000 0.000000 0.000000 0.000000 0.000000 0.000000 0.000000 0.000000 0.000000 0.000000 0.000000 
tree[1][0]:
A    : 51.734580 51.734580 51.734580 51.734580 51.734580 51.734580 51.734580 51.734580 51.734580 51.734580 51.734580 
C    : 13.101927 13.101927 13.101927 13.101927 13.101927 13.101927 13.101927 13.101927 13.101927 13.101927 13.101927 
A_log: 51.734580 51.734580 51.734580 51.734580 51.734580 51.734580 51.734580 51.734580 51.734580 51.734580 51.734580 
C_log: 13.101927 13.101927 13.101927 13.101927 13.101927 13.101927 13.101927 13.101927 13.101927 13.101927 13.101927 
tree[1][1]:
A    : 48.377962 48.377962 48.377962 48.377962 48.377962 48.377962 48.377962 48.377962 48.377962 48.377962 48.377962 
C    : 7.261626 7.261626 7.261626 7.261626 7.261626 7.261626 7.261626 7.261626 7.261626 7.261626 7.261626 
A_log: 48.377962 48.377962 48.377962 48.377962 48.377962 48.377962 48.377962 48.377962 48.377962 48.377962 48.377962 
C_log: 7.262406 7.262406 7.262406 7.262406 7.262406 7.262406 7.262406 7.262406 7.262406 7.262406 7.262406 
tree[1][2]:
A    : 0.000000 0.000000 0.000000 0.000000 0.000000 0.000000 0.000000 0.000000 0.000000 0.000000 0.000000 
C    : 0.000000 0.000000 0.000000 0.000000 0.000000 0.000000 0.000000 0.000000 0.000000 0.000000 0.000000 
A_log: 0.000000 0.000000 0.000000 0.000000 0.000000 0.000000 0.000000 0.000000 0.000000 0.000000 0.000000 
C_log: 0.000000 0.000000 0.000000 0.000000 0.000000 0.000000 0.000000 0.000000 0.000000 0.000000 0.000000 
tree[1][3]:
A    : 0.000000 0.000000 0.000000 0.000000 0.000000 0.000000 0.000000 0.000000 0.000000 0.000000 0.000000 
C    : 0.000000 0.000000 0.000000 0.000000 0.000000 0.000000 0.000000 0.000000 0.000000 0.000000 0.000000 
A_log: 0.000000 0.000000 0.000000 0.000000 0.000000 0.000000 0.000000 0.000000 0.000000 0.000000 0.000000 
C_log: 0.000000 0.000000 0.000000 0.000000 0.000000 0.000000 0.000000 0.000000 0.000000 0.000000 0.000000 
tree[1][4]:
A    : 0.000000 0.000000 0.000000 0.000000 0.000000 0.000000 0.000000 0.000000 0.000000 0.000000 0.000000 
C    : 0.000000 0.000000 0.000000 0.000000 0.000000 0.000000 0.000000 0.000000 0.000000 0.000000 0.000000 
A_log: 0.000000 0.000000 0.000000 0.000000 0.000000 0.000000 0.000000 0.000000 0.000000 0.000000 0.000000 
C_log: 0.000000 0.000000 0.000000 0.000000 0.000000 0.000000 0.000000 0.000000 0.000000 0.000000 0.000000 
tree[1][5]:
A    : 0.000000 0.000000 0.000000 0.000000 0.000000 0.000000 0.000000 0.000000 0.000000 0.000000 0.000000 
C    : 0.000000 0.000000 0.000000 0.000000 0.000000 0.000000 0.000000 0.000000 0.000000 0.000000 0.000000 
A_log: 0.000000 0.000000 0.000000 0.000000 0.000000 0.000000 0.000000 0.000000 0.000000 0.000000 0.000000 
C_log: 0.000000 0.000000 0.000000 0.000000 0.000000 0.000000 0.000000 0.000000 0.000000 0.000000 0.000000 
tree[1][6]:
A    : 0.000000 0.000000 0.000000 0.000000 0.000000 0.000000 0.000000 0.000000 0.000000 0.000000 0.000000 
C    : 0.000000 0.000000 0.000000 0.000000 0.000000 0.000000 0.000000 0.000000 0.000000 0.000000 0.000000 
A_log: 0.000000 0.000000 0.000000 0.000000 0.000000 0.000000 0.000000 0.000000 0.000000 0.000000 0.000000 
C_log: 0.000000 0.000000 0.000000 0.000000 0.000000 0.000000 0.000000 0.000000 0.000000 0.000000 0.000000 
tree[1][7]:
A    : 0.000000 0.000000 0.000000 0.000000 0.000000 0.000000 0.000000 0.000000 0.000000 0.000000 0.000000 
C    : 0.000000 0.000000 0.000000 0.000000 0.000000 0.000000 0.000000 0.000000 0.000000 0.000000 0.000000 
A_log: 0.000000 0.000000 0.000000 0.000000 0.000000 0.000000 0.000000 0.000000 0.000000 0.000000 0.000000 
C_log: 0.000000 0.000000 0.000000 0.000000 0.000000 0.000000 0.000000 0.000000 0.000000 0.000000 0.000000 
tree[1][8]:
A    : 0.000000 0.000000 0.000000 0.000000 0.000000 0.000000 0.000000 0.000000 0.000000 0.000000 0.000000 
C    : 0.000000 0.000000 0.000000 0.000000 0.000000 0.000000 0.000000 0.000000 0.000000 0.000000 0.000000 
A_log: 0.000000 0.000000 0.000000 0.000000 0.000000 0.000000 0.000000 0.000000 0.000000 0.000000 0.000000 
C_log: 0.000000 0.000000 0.000000 0.000000 0.000000 0.000000 0.000000 0.000000 0.000000 0.000000 0.000000 
tree[1][9]:
A    : 0.000000 0.000000 0.000000 0.000000 0.000000 0.000000 0.000000 0.000000 0.000000 0.000000 0.000000 
C    : 0.000000 0.000000 0.000000 0.000000 0.000000 0.000000 0.000000 0.000000 0.000000 0.000000 0.000000 
A_log: 0.000000 0.000000 0.000000 0.000000 0.000000 0.000000 0.000000 0.000000 0.000000 0.000000 0.000000 
C_log: 0.000000 0.000000 0.000000 0.000000 0.000000 0.000000 0.000000 0.000000 0.000000 0.000000 0.000000 
tree[1][10]:
A    : 0.000000 0.000000 0.000000 0.000000 0.000000 0.000000 0.000000 0.000000 0.000000 0.000000 0.000000 
C    : 0.000000 0.000000 0.000000 0.000000 0.000000 0.000000 0.000000 0.000000 0.000000 0.000000 0.000000 
A_log: 0.000000 0.000000 0.000000 0.000000 0.000000 0.000000 0.000000 0.000000 0.000000 0.000000 0.000000 
C_log: 0.000000 0.000000 0.000000 0.000000 0.000000 0.000000 0.000000 0.000000 0.000000 0.000000 0.000000 
tree[2][0]:
A    : 53.549394 53.549394 53.549394 53.549394 53.549394 53.549394 53.549394 53.549394 53.549394 53.549394 53.549394 
C    : 16.007024 16.007024 16.007024 16.007024 16.007024 16.007024 16.007024 16.007024 16.007024 16.007024 16.007024 
A_log: 53.549394 53.549394 53.549394 53.549394 53.549394 53.549394 53.549394 53.549394 53.549394 53.549394 53.549394 
C_log: 16.007024 16.007024 16.007024 16.007024 16.007024 16.007024 16.007024 16.007024 16.007024 16.007024 16.007024 
tree[2][1]:
A    : 51.156387 50.932612 50.708838 50.485063 50.261289 50.037514 49.813740 49.589965 49.366190 49.142416 48.918641 
C    : 10.306756 10.248119 10.189483 10.130846 10.072210 10.013574 9.954939 9.896307 9.837678 9.779053 9.720431 
A_log: 51.156387 50.928081 50.700795 50.474523 50.249260 50.025003 49.801747 49.579487 49.358219 49.137939 48.918641 
C_log: 10.306756 10.246932 10.187375 10.128084 10.069058 10.010296 9.951797 9.893567 9.835598 9.777897 9.720455 
tree[2][2]:
A    : 46.826084 46.826084 46.826084 46.826084 46.826084 46.826084 46.826084 46.826084 46.826084 46.826084 46.826084 
C    : 4.857343 4.857343 4.857343 4.857343 4.857343 4.857343 4.857343 4.857343 4.857343 4.857343 4.857343 
A_log: 46.826084 46.826084 46.826084 46.826084 46.826084 46.826084 46.826084 46.826084 46.826084 46.826084 46.826084 
C_log: 4.858892 4.858892 4.858892 4.858892 4.858892 4.858892 4.858892 4.858892 4.858892 4.858892 4.858892 
tree[2][3]:
A    : 0.000000 0.000000 0.000000 0.000000 0.000000 0.000000 0.000000 0.000000 0.000000 0.000000 0.000000 
C    : 0.000000 0.000000 0.000000 0.000000 0.000000 0.000000 0.000000 0.000000 0.000000 0.000000 0.000000 
A_log: 0.000000 0.000000 0.000000 0.000000 0.000000 0.000000 0.000000 0.000000 0.000000 0.000000 0.000000 
C_log: 0.000000 0.000000 0.000000 0.000000 0.000000 0.000000 0.000000 0.000000 0.000000 0.000000 0.000000 
tree[2][4]:
A    : 0.000000 0.000000 0.000000 0.000000 0.000000 0.000000 0.000000 0.000000 0.000000 0.000000 0.000000 
C    : 0.000000 0.000000 0.000000 0.000000 0.000000 0.000000 0.000000 0.000000 0.000000 0.000000 0.000000 
A_log: 0.000000 0.000000 0.000000 0.000000 0.000000 0.000000 0.000000 0.000000 0.000000 0.000000 0.000000 
C_log: 0.000000 0.000000 0.000000 0.000000 0.000000 0.000000 0.000000 0.000000 0.000000 0.000000 0.000000 
tree[2][5]:
A    : 0.000000 0.000000 0.000000 0.000000 0.000000 0.000000 0.000000 0.000000 0.000000 0.000000 0.000000 
C    : 0.000000 0.000000 0.000000 0.000000 0.000000 0.000000 0.000000 0.000000 0.000000 0.000000 0.000000 
A_log: 0.000000 0.000000 0.000000 0.000000 0.000000 0.000000 0.000000 0.000000 0.000000 0.000000 0.000000 
C_log: 0.000000 0.000000 0.000000 0.000000 0.000000 0.000000 0.000000 0.000000 0.000000 0.000000 0.000000 
tree[2][6]:
A    : 0.000000 0.000000 0.000000 0.000000 0.000000 0.000000 0.000000 0.000000 0.000000 0.000000 0.000000 
C    : 0.000000 0.000000 0.000000 0.000000 0.000000 0.000000 0.000000 0.000000 0.000000 0.000000 0.000000 
A_log: 0.000000 0.000000 0.000000 0.000000 0.000000 0.000000 0.000000 0.000000 0.000000 0.000000 0.000000 
C_log: 0.000000 0.000000 0.000000 0.000000 0.000000 0.000000 0.000000 0.000000 0.000000 0.000000 0.000000 
tree[2][7]:
A    : 0.000000 0.000000 0.000000 0.000000 0.000000 0.000000 0.000000 0.000000 0.000000 0.000000 0.000000 
C    : 0.000000 0.000000 0.000000 0.000000 0.000000 0.000000 0.000000 0.000000 0.000000 0.000000 0.000000 
A_log: 0.000000 0.000000 0.000000 0.000000 0.000000 0.000000 0.000000 0.000000 0.000000 0.000000 0.000000 
C_log: 0.000000 0.000000 0.000000 0.000000 0.000000 0.000000 0.000000 0.000000 0.000000 0.000000 0.000000 
tree[2][8]:
A    : 0.000000 0.000000 0.000000 0.000000 0.000000 0.000000 0.000000 0.000000 0.000000 0.000000 0.000000 
C    : 0.000000 0.000000 0.000000 0.000000 0.000000 0.000000 0.000000 0.000000 0.000000 0.000000 0.000000 
A_log: 0.000000 0.000000 0.000000 0.000000 0.000000 0.000000 0.000000 0.000000 0.000000 0.000000 0.000000 
C_log: 0.000000 0.000000 0.000000 0.000000 0.000000 0.000000 0.000000 0.000000 0.000000 0.000000 0.000000 
tree[2][9]:
A    : 0.000000 0.000000 0.000000 0.000000 0.000000 0.000000 0.000000 0.000000 0.000000 0.000000 0.000000 
C    : 0.000000 0.000000 0.000000 0.000000 0.000000 0.000000 0.000000 0.000000 0.000000 0.000000 0.000000 
A_log: 0.000000 0.000000 0.000000 0.000000 0.000000 0.000000 0.000000 0.000000 0.000000 0.000000 0.000000 
C_log: 0.000000 0.000000 0.000000 0.000000 0.000000 0.000000 0.000000 0.000000 0.000000 0.000000 0.000000 
tree[2][10]:
A    : 0.000000 0.000000 0.000000 0.000000 0.000000 0.000000 0.000000 0.000000 0.000000 0.000000 0.000000 
C    : 0.000000 0.000000 0.000000 0.000000 0.000000 0.000000 0.000000 0.000000 0.000000 0.000000 0.000000 
A_log: 0.000000 0.000000 0.000000 0.000000 0.000000 0.000000 0.000000 0.000000 0.000000 0.000000 0.000000 
C_log: 0.000000 0.000000 0.000000 0.000000 0.000000 0.000000 0.000000 0.000000 0.000000 0.000000 0.000000 
tree[3][0]:
A    : 55.448617 55.448617 55.448617 55.448617 55.448617 55.448617 55.448617 55.448617 55.448617 55.448617 55.448617 
C    : 18.796439 18.796439 18.796439 18.796439 18.796439 18.796439 18.796439 18.796439 18.796439 18.796439 18.796439 
A_log: 55.448617 55.448617 55.448617 55.448617 55.448617 55.448617 55.448617 55.448617 55.448617 55.448617 55.448617 
C_log: 18.796439 18.796439 18.796439 18.796439 18.796439 18.796439 18.796439 18.796439 18.796439 18.796439 18.796439 
tree[3][1]:
A    : 53.529336 53.182029 52.834723 52.487416 52.140110 51.792803 51.445497 51.098190 50.750884 50.403578 50.056271 
C    : 13.357642 13.235692 13.113743 12.991793 12.869844 12.747895 12.625945 12.503996 12.382046 12.260097 12.138147 
A_log: 53.529336 53.171452 52.815960 52.462846 52.112092 51.763684 51.417604 51.073839 50.732372 50.393188 50.056271 
C_log: 13.357642 13.231978 13.107155 12.983166 12.860006 12.737670 12.616151 12.495445 12.375546 12.256449 12.138147 
tree[3][2]:
A    : 50.056271 49.731498 49.406726 49.081953 48.757180 48.432408 48.107635 47.782862 47.458090 47.133317 46.808544 
C    : 7.971513 7.857476 7.743439 7.629404 7.515386 7.401394 7.287436 7.173561 7.059813 6.946171 6.832684 
A_log: 50.056271 49.721607 49.389181 49.058977 48.730981 48.405177 48.081552 47.760091 47.440778 47.123601 46.808544 
C_log: 7.971513 7.854003 7.737278 7.621337 7.506204 7.391884 7.278373 7.165740 7.053964 6.943024 6.832983 
tree[3][3]:
A    : 45.340953 45.340953 45.340953 45.340953 45.340953 45.340953 45.340953 45.340953 45.340953 45.340953 45.340953 
C    : 2.915978 2.915978 2.915978 2.915978 2.915978 2.915978 2.915978 2.915978 2.915978 2.915978 2.915978 
A_log: 45.340953 45.340953 45.340953 45.340953 45.340953 45.340953 45.340953 45.340953 45.340953 45.340953 45.340953 
C_log: 2.918803 2.918803 2.918803 2.918803 2.918803 2.918803 2.918803 2.918803 2.918803 2.918803 2.918803 
tree[3][4]:
A    : 0.000000 0.000000 0.000000 0.000000 0.000000 0.000000 0.000000 0.000000 0.000000 0.000000 0.000000 
C    : 0.000000 0.000000 0.000000 0.000000 0.000000 0.000000 0.000000 0.000000 0.000000 0.000000 0.000000 
A_log: 0.000000 0.000000 0.000000 0.000000 0.000000 0.000000 0.000000 0.000000 0.000000 0.000000 0.000000 
C_log: 0.000000 0.000000 0.000000 0.000000 0.000000 0.000000 0.000000 0.000000 0.000000 0.000000 0.000000 
tree[3][5]:
A    : 0.000000 0.000000 0.000000 0.000000 0.000000 0.000000 0.000000 0.000000 0.000000 0.000000 0.000000 
C    : 0.000000 0.000000 0.000000 0.000000 0.000000 0.000000 0.000000 0.000000 0.000000 0.000000 0.000000 
A_log: 0.000000 0.000000 0.000000 0.000000 0.000000 0.000000 0.000000 0.000000 0.000000 0.000000 0.000000 
C_log: 0.000000 0.000000 0.000000 0.000000 0.000000 0.000000 0.000000 0.000000 0.000000 0.000000 0.000000 
tree[3][6]:
A    : 0.000000 0.000000 0.000000 0.000000 0.000000 0.000000 0.000000 0.000000 0.000000 0.000000 0.000000 
C    : 0.000000 0.000000 0.000000 0.000000 0.000000 0.000000 0.000000 0.000000 0.000000 0.000000 0.000000 
A_log: 0.000000 0.000000 0.000000 0.000000 0.000000 0.000000 0.000000 0.000000 0.000000 0.000000 0.000000 
C_log: 0.000000 0.000000 0.000000 0.000000 0.000000 0.000000 0.000000 0.000000 0.000000 0.000000 0.000000 
tree[3][7]:
A    : 0.000000 0.000000 0.000000 0.000000 0.000000 0.000000 0.000000 0.000000 0.000000 0.000000 0.000000 
C    : 0.000000 0.000000 0.000000 0.000000 0.000000 0.000000 0.000000 0.000000 0.000000 0.000000 0.000000 
A_log: 0.000000 0.000000 0.000000 0.000000 0.000000 0.000000 0.000000 0.000000 0.000000 0.000000 0.000000 
C_log: 0.000000 0.000000 0.000000 0.000000 0.000000 0.000000 0.000000 0.000000 0.000000 0.000000 0.000000 
tree[3][8]:
A    : 0.000000 0.000000 0.000000 0.000000 0.000000 0.000000 0.000000 0.000000 0.000000 0.000000 0.000000 
C    : 0.000000 0.000000 0.000000 0.000000 0.000000 0.000000 0.000000 0.000000 0.000000 0.000000 0.000000 
A_log: 0.000000 0.000000 0.000000 0.000000 0.000000 0.000000 0.000000 0.000000 0.000000 0.000000 0.000000 
C_log: 0.000000 0.000000 0.000000 0.000000 0.000000 0.000000 0.000000 0.000000 0.000000 0.000000 0.000000 
tree[3][9]:
A    : 0.000000 0.000000 0.000000 0.000000 0.000000 0.000000 0.000000 0.000000 0.000000 0.000000 0.000000 
C    : 0.000000 0.000000 0.000000 0.000000 0.000000 0.000000 0.000000 0.000000 0.000000 0.000000 0.000000 
A_log: 0.000000 0.000000 0.000000 0.000000 0.000000 0.000000 0.000000 0.000000 0.000000 0.000000 0.000000 
C_log: 0.000000 0.000000 0.000000 0.000000 0.000000 0.000000 0.000000 0.000000 0.000000 0.000000 0.000000 
tree[3][10]:
A    : 0.000000 0.000000 0.000000 0.000000 0.000000 0.000000 0.000000 0.000000 0.000000 0.000000 0.000000 
C    : 0.000000 0.000000 0.000000 0.000000 0.000000 0.000000 0.000000 0.000000 0.000000 0.000000 0.000000 
A_log: 0.000000 0.000000 0.000000 0.000000 0.000000 0.000000 0.000000 0.000000 0.000000 0.000000 0.000000 
C_log: 0.000000 0.000000 0.000000 0.000000 0.000000 0.000000 0.000000 0.000000 0.000000 0.000000 0.000000 
tree[4][0]:
A    : 57.436656 57.436656 57.436656 57.436656 57.436656 57.436656 57.436656 57.436656 57.436656 57.436656 57.436656 
C    : 21.435177 21.435177 21.435177 21.435177 21.435177 21.435177 21.435177 21.435177 21.435177 21.435177 21.435177 
A_log: 57.436656 57.436656 57.436656 57.436656 57.436656 57.436656 57.436656 57.436656 57.436656 57.436656 57.436656 
C_log: 21.435177 21.435177 21.435177 21.435177 21.435177 21.435177 21.435177 21.435177 21.435177 21.435177 21.435177 
tree[4][1]:
A    : 55.794698 55.363310 54.931923 54.500535 54.069147 53.637760 53.206372 52.774984 52.343597 51.912209 51.480821 
C    : 16.326939 16.136649 15.946358 15.756068 15.565778 15.375488 15.185198 14.994908 14.804618 14.614328 14.424038 
A_log: 55.794698 55.347522 54.903931 54.463894 54.027385 53.594374 53.164833 52.738735 52.316052 51.896756 51.480821 
C_log: 16.326939 16.129684 15.934011 15.739906 15.547356 15.356350 15.166875 14.978918 14.792467 14.607511 14.424038 
tree[4][2]:
A    : 52.823469 52.285805 51.748142 51.210479 50.672815 50.135152 49.597489 49.059825 48.522162 47.984499 47.446835 
C    : 11.182763 10.945594 10.708424 10.471255 10.234085 9.996916 9.759746 9.522576 9.285407 9.048237 8.811068 
A_log: 52.823469 52.259464 51.701481 51.149456 50.603324 50.063024 49.528493 48.999669 48.476492 47.958900 47.446835 
C_log: 11.182763 10.933974 10.687841 10.444337 10.203432 9.965099 9.729311 9.496041 9.265261 9.036946 8.811068 
tree[4][3]:
A    : 48.789483 48.412257 48.035032 47.657806 47.280581 46.903355 46.526130 46.148904 45.771679 45.394453 45.017228 
C    : 6.051107 5.884708 5.718310 5.551967 5.385744 5.219819 5.054398 4.889610 4.725639 4.562757 4.401095 
A_log: 48.789483 48.398451 48.010554 47.625766 47.244062 46.865416 46.489806 46.117206 45.747592 45.380941 45.017228 
C_log: 6.051107 5.878618 5.707512 5.537886 5.369826 5.203517 5.039011 4.876396 4.715794 4.557562 4.401666 
tree[4][4]:
A    : 43.919330 43.919330 43.919330 43.919330 43.919330 43.919330 43.919330 43.919330 43.919330 43.919330 43.919330 
C    : 1.449001 1.449001 1.449001 1.449001 1.449001 1.449001 1.449001 1.449001 1.449001 1.449001 1.449001 
A_log: 43.919330 43.919330 43.919330 43.919330 43.919330 43.919330 43.919330 43.919330 43.919330 43.919330 43.919330 
C_log: 1.454124 1.454124 1.454124 1.454124 1.454124 1.454124 1.454124 1.454124 1.454124 1.454124 1.454124 
tree[4][5]:
A    : 0.000000 0.000000 0.000000 0.000000 0.000000 0.000000 0.000000 0.000000 0.000000 0.000000 0.000000 
C    : 0.000000 0.000000 0.000000 0.000000 0.000000 0.000000 0.000000 0.000000 0.000000 0.000000 0.000000 
A_log: 0.000000 0.000000 0.000000 0.000000 0.000000 0.000000 0.000000 0.000000 0.000000 0.000000 0.000000 
C_log: 0.000000 0.000000 0.000000 0.000000 0.000000 0.000000 0.000000 0.000000 0.000000 0.000000 0.000000 
tree[4][6]:
A    : 0.000000 0.000000 0.000000 0.000000 0.000000 0.000000 0.000000 0.000000 0.000000 0.000000 0.000000 
C    : 0.000000 0.000000 0.000000 0.000000 0.000000 0.000000 0.000000 0.000000 0.000000 0.000000 0.000000 
A_log: 0.000000 0.000000 0.000000 0.000000 0.000000 0.000000 0.000000 0.000000 0.000000 0.000000 0.000000 
C_log: 0.000000 0.000000 0.000000 0.000000 0.000000 0.000000 0.000000 0.000000 0.000000 0.000000 0.000000 
tree[4][7]:
A    : 0.000000 0.000000 0.000000 0.000000 0.000000 0.000000 0.000000 0.000000 0.000000 0.000000 0.000000 
C    : 0.000000 0.000000 0.000000 0.000000 0.000000 0.000000 0.000000 0.000000 0.000000 0.000000 0.000000 
A_log: 0.000000 0.000000 0.000000 0.000000 0.000000 0.000000 0.000000 0.000000 0.000000 0.000000 0.000000 
C_log: 0.000000 0.000000 0.000000 0.000000 0.000000 0.000000 0.000000 0.000000 0.000000 0.000000 0.000000 
tree[4][8]:
A    : 0.000000 0.000000 0.000000 0.000000 0.000000 0.000000 0.000000 0.000000 0.000000 0.000000 0.000000 
C    : 0.000000 0.000000 0.000000 0.000000 0.000000 0.000000 0.000000 0.000000 0.000000 0.000000 0.000000 
A_log: 0.000000 0.000000 0.000000 0.000000 0.000000 0.000000 0.000000 0.000000 0.000000 0.000000 0.000000 
C_log: 0.000000 0.000000 0.000000 0.000000 0.000000 0.000000 0.000000 0.000000 0.000000 0.000000 0.000000 
tree[4][9]:
A    : 0.000000 0.000000 0.000000 0.000000 0.000000 0.000000 0.000000 0.000000 0.000000 0.000000 0.000000 
C    : 0.000000 0.000000 0.000000 0.000000 0.000000 0.000000 0.000000 0.000000 0.000000 0.000000 0.000000 
A_log: 0.000000 0.000000 0.000000 0.000000 0.000000 0.000000 0.000000 0.000000 0.000000 0.000000 0.000000 
C_log: 0.000000 0.000000 0.000000 0.000000 0.000000 0.000000 0.000000 0.000000 0.000000 0.000000 0.000000 
tree[4][10]:
A    : 0.000000 0.000000 0.000000 0.000000 0.000000 0.000000 0.000000 0.000000 0.000000 0.000000 0.000000 
C    : 0.000000 0.000000 0.000000 0.000000 0.000000 0.000000 0.000000 0.000000 0.000000 0.000000 0.000000 
A_log: 0.000000 0.000000 0.000000 0.000000 0.000000 0.000000 0.000000 0.000000 0.000000 0.000000 0.000000 
C_log: 0.000000 0.000000 0.000000 0.000000 0.000000 0.000000 0.000000 0.000000 0.000000 0.000000 0.000000 
tree[5][0]:
A    : 59.518163 59.518163 59.518163 59.518163 59.518163 59.518163 59.518163 59.518163 59.518163 59.518163 59.518163 
C    : 23.883720 23.883720 23.883720 23.883720 23.883720 23.883720 23.883720 23.883720 23.883720 23.883720 23.883720 
A_log: 59.518163 59.518163 59.518163 59.518163 59.518163 59.518163 59.518163 59.518163 59.518163 59.518163 59.518163 
C_log: 23.883720 23.883720 23.883720 23.883720 23.883720 23.883720 23.883720 23.883720 23.883720 23.883720 23.883720 
tree[5][1]:
A    : 58.054928 57.558608 57.062288 56.565969 56.069649 55.573330 55.077010 54.580691 54.084371 53.588052 53.091732 
C    : 19.183861 18.919825 18.655789 18.391754 18.127718 17.863682 17.599647 17.335611 17.071575 16.807540 16.543504 
A_log: 58.054928 57.538412 57.026491 56.519125 56.016273 55.517895 55.023951 54.534402 54.049208 53.568331 53.091732 
C_log: 19.183861 18.909081 18.636746 18.366833 18.099322 17.834192 17.571420 17.310986 17.052869 16.797048 16.543504 
tree[5][2]:
A    : 55.407108 54.711453 54.015798 53.320143 52.624488 51.928832 51.233177 50.537522 49.841867 49.146211 48.450556 
C    : 14.346168 13.976088 13.606008 13.235928 12.865849 12.495769 12.125689 11.755610 11.385530 11.015450 10.645371 
A_log: 55.407108 54.668708 53.940149 53.221299 52.512029 51.812211 51.121720 50.440430 49.768220 49.104969 48.450556 
C_log: 14.346168 13.953348 13.565764 13.183345 12.806022 12.433728 12.066395 11.703958 11.346351 10.993510 10.645371 
tree[5][3]:
A    : 51.812211 51.161691 50.511171 49.860651 49.210131 48.559611 47.909091 47.258571 46.608051 45.957531 45.307011 
C    : 9.435175 9.089106 8.743038 8.396969 8.050901 7.704833 7.358764 7.012696 6.666628 6.320559 5.974491 
A_log: 51.812211 51.121720 50.440430 49.768220 49.104969 48.450556 47.804865 47.167779 46.539183 45.918964 45.307011 
C_log: 9.435175 9.067842 8.705405 8.347798 7.994956 7.646817 7.303318 6.964396 6.629991 6.300042 5.974491 
tree[5][4]:
A    : 47.472162 47.066316 46.660470 46.254624 45.848778 45.442932 45.037086 44.631240 44.225394 43.819547 43.413701 
C    : 4.504249 4.288344 4.072440 3.856881 3.642210 3.429107 3.218563 3.011815 2.808373 2.608865 2.413926 
A_log: 47.472162 47.049801 46.631198 46.216319 45.805131 45.397602 44.993698 44.593388 44.196640 43.803422 43.413701 
C_log: 4.504249 4.279558 4.056867 3.836863 3.619997 3.406615 3.197549 2.993846 2.795184 2.602428 2.416170 
tree[5][5]:
A    : 42.558148 42.558148 42.558148 42.558148 42.558148 42.558148 42.558148 42.558148 42.558148 42.558148 42.558148 
C    : 0.491377 0.491377 0.491377 0.491377 0.491377 0.491377 0.491377 0.491377 0.491377 0.491377 0.491377 
A_log: 42.558148 42.558148 42.558148 42.558148 42.558148 42.558148 42.558148 42.558148 42.558148 42.558148 42.558148 
C_log: 0.499454 0.499454 0.499454 0.499454 0.499454 0.499454 0.499454 0.499454 0.499454 0.499454 0.499454 
tree[5][6]:
A    : 0.000000 0.000000 0.000000 0.000000 0.000000 0.000000 0.000000 0.000000 0.000000 0.000000 0.000000 
C    : 0.000000 0.000000 0.000000 0.000000 0.000000 0.000000 0.000000 0.000000 0.000000 0.000000 0.000000 
A_log: 0.000000 0.000000 0.000000 0.000000 0.000000 0.000000 0.000000 0.000000 0.000000 0.000000 0.000000 
C_log: 0.000000 0.000000 0.000000 0.000000 0.000000 0.000000 0.000000 0.000000 0.000000 0.000000 0.000000 
tree[5][7]:
A    : 0.000000 0.000000 0.000000 0.000000 0.000000 0.000000 0.000000 0.000000 0.000000 0.000000 0.000000 
C    : 0.000000 0.000000 0.000000 0.000000 0.000000 0.000000 0.000000 0.000000 0.000000 0.000000 0.000000 
A_log: 0.000000 0.000000 0.000000 0.000000 0.000000 0.000000 0.000000 0.000000 0.000000 0.000000 0.000000 
C_log: 0.000000 0.000000 0.000000 0.000000 0.000000 0.000000 0.000000 0.000000 0.000000 0.000000 0.000000 
tree[5][8]:
A    : 0.000000 0.000000 0.000000 0.000000 0.000000 0.000000 0.000000 0.000000 0.000000 0.000000 0.000000 
C    : 0.000000 0.000000 0.000000 0.000000 0.000000 0.000000 0.000000 0.000000 0.000000 0.000000 0.000000 
A_log: 0.000000 0.000000 0.000000 0.000000 0.000000 0.000000 0.000000 0.000000 0.000000 0.000000 0.000000 
C_log: 0.000000 0.000000 0.000000 0.000000 0.000000 0.000000 0.000000 0.000000 0.000000 0.000000 0.000000 
tree[5][9]:
A    : 0.000000 0.000000 0.000000 0.000000 0.000000 0.000000 0.000000 0.000000 0.000000 0.000000 0.000000 
C    : 0.000000 0.000000 0.000000 0.000000 0.000000 0.000000 0.000000 0.000000 0.000000 0.000000 0.000000 
A_log: 0.000000 0.000000 0.000000 0.000000 0.000000 0.000000 0.000000 0.000000 0.000000 0.000000 0.000000 
C_log: 0.000000 0.000000 0.000000 0.000000 0.000000 0.000000 0.000000 0.000000 0.000000 0.000000 0.000000 
tree[5][10]:
A    : 0.000000 0.000000 0.000000 0.000000 0.000000 0.000000 0.000000 0.000000 0.000000 0.000000 0.000000 
C    : 0.000000 0.000000 0.000000 0.000000 0.000000 0.000000 0.000000 0.000000 0.000000 0.000000 0.000000 
A_log: 0.000000 0.000000 0.000000 0.000000 0.000000 0.000000 0.000000 0.000000 0.000000 0.000000 0.000000 
C_log: 0.000000 0.000000 0.000000 0.000000 0.000000 0.000000 0.000000 0.000000 0.000000 0.000000 0.000000 
tree[6][0]:
A    : 61.698049 61.698049 61.698049 61.698049 61.698049 61.698049 61.698049 61.698049 61.698049 61.698049 61.698049 
C    : 26.097546 26.097546 26.097546 26.097546 26.097546 26.097546 26.097546 26.097546 26.097546 26.097546 26.097546 
A_log: 61.698049 61.698049 61.698049 61.698049 61.698049 61.698049 61.698049 61.698049 61.698049 61.698049 61.698049 
C_log: 26.097546 26.097546 26.097546 26.097546 26.097546 26.097546 26.097546 26.097546 26.097546 26.097546 26.097546 
tree[6][1]:
A    : 60.356827 59.805990 59.255153 58.704316 58.153479 57.602642 57.051805 56.500968 55.950131 55.399295 54.848458 
C    : 21.893530 21.549939 21.206347 20.862756 20.519164 20.175573 19.831981 19.488389 19.144798 18.801206 18.457615 
A_log: 60.356827 59.781967 59.212583 58.648621 58.090031 57.536761 56.988761 56.445979 55.908368 55.375877 54.848458 
C_log: 21.893530 21.534954 21.179793 20.828015 20.479588 20.134478 19.792656 19.454089 19.118747 18.786599 18.457615 
tree[6][2]:
A    : 57.929798 57.106566 56.283335 55.460103 54.636871 53.813639 52.990407 52.167175 51.343944 50.520712 49.697480 
C    : 17.435019 16.921518 16.408016 15.894515 15.381013 14.867512 14.354011 13.840509 13.327008 12.813506 12.300005 
A_log: 57.929798 57.048634 56.180873 55.326312 54.484749 53.655987 52.839832 52.036091 51.244575 50.465099 49.697480 
C_log: 17.435019 16.885382 16.344105 15.811061 15.286126 14.769175 14.260087 13.758743 13.265026 12.778817 12.300005 
tree[6][3]:
A    : 54.634664 53.768942 52.903219 52.037496 51.171774 50.306051 49.440328 48.574606 47.708883 46.843160 45.977438 
C    : 12.804723 12.264717 11.724712 11.184706 10.644701 10.104695 9.564689 9.024684 8.484678 7.944673 7.404667 
A_log: 54.634664 53.700203 52.781725 51.878956 50.991627 50.119476 49.262242 48.419669 47.591508 46.777512 45.977438 
C_log: 12.804723 12.221841 11.648928 11.085814 10.532332 9.988316 9.453606 8.928040 8.411464 7.903723 7.404667 
tree[6][4]:
A    : 50.656514 49.936641 49.216769 48.496897 47.777025 47.057152 46.337280 45.617408 44.897536 44.177663 43.457791 
C    : 8.071676 7.622646 7.173617 6.724587 6.275558 5.826528 5.377499 4.928469 4.479440 4.030412 3.581534 
A_log: 50.656514 49.885983 49.127172 48.379904 47.644002 46.919294 46.205610 45.502781 44.810643 44.129033 43.457791 
C_log: 8.071676 7.591047 7.117730 6.651611 6.192583 5.740537 5.295368 4.856969 4.425239 4.000135 3.581699 
tree[6][5]:
A    : 46.152259 45.731058 45.309856 44.888655 44.467454 44.046253 43.625052 43.203850 42.782649 42.361448 41.940247 
C    : 3.293164 3.030434 2.767707 2.506437 2.249393 1.999757 1.759928 1.530351 1.313771 1.113072 0.928154 
A_log: 46.152259 45.712688 45.277305 44.846068 44.418938 43.995876 43.576844 43.161803 42.750715 42.343542 41.940247 
C_log: 3.293164 3.018976 2.747400 2.481463 2.222581 1.973004 1.735284 1.510189 1.302114 1.112335 0.937770 
tree[6][6]:
A    : 41.254495 41.254495 41.254495 41.254495 41.254495 41.254495 41.254495 41.254495 41.254495 41.254495 41.254495 
C    : 0.056249 0.056249 0.056249 0.056249 0.056249 0.056249 0.056249 0.056249 0.056249 0.056249 0.056249 
A_log: 41.254495 41.254495 41.254495 41.254495 41.254495 41.254495 41.254495 41.254495 41.254495 41.254495 41.254495 
C_log: 0.062856 0.062856 0.062856 0.062856 0.062856 0.062856 0.062856 0.062856 0.062856 0.062856 0.062856 
tree[6][7]:
A    : 0.000000 0.000000 0.000000 0.000000 0.000000 0.000000 0.000000 0.000000 0.000000 0.000000 0.000000 
C    : 0.000000 0.000000 0.000000 0.000000 0.000000 0.000000 0.000000 0.000000 0.000000 0.000000 0.000000 
A_log: 0.000000 0.000000 0.000000 0.000000 0.000000 0.000000 0.000000 0.000000 0.000000 0.000000 0.000000 
C_log: 0.000000 0.000000 0.000000 0.000000 0.000000 0.000000 0.000000 0.000000 0.000000 0.000000 0.000000 
tree[6][8]:
A    : 0.000000 0.000000 0.000000 0.000000 0.000000 0.000000 0.000000 0.000000 0.000000 0.000000 0.000000 
C    : 0.000000 0.000000 0.000000 0.000000 0.000000 0.000000 0.000000 0.000000 0.000000 0.000000 0.000000 
A_log: 0.000000 0.000000 0.000000 0.000000 0.000000 0.000000 0.000000 0.000000 0.000000 0.000000 0.000000 
C_log: 0.000000 0.000000 0.000000 0.000000 0.000000 0.000000 0.000000 0.000000 0.000000 0.000000 0.000000 
tree[6][9]:
A    : 0.000000 0.000000 0.000000 0.000000 0.000000 0.000000 0.000000 0.000000 0.000000 0.000000 0.000000 
C    : 0.000000 0.000000 0.000000 0.000000 0.000000 0.000000 0.000000 0.000000 0.000000 0.000000 0.000000 
A_log: 0.000000 0.000000 0.000000 0.000000 0.000000 0.000000 0.000000 0.000000 0.000000 0.000000 0.000000 
C_log: 0.000000 0.000000 0.000000 0.000000 0.000000 0.000000 0.000000 0.000000 0.000000 0.000000 0.000000 
tree[6][10]:
A    : 0.000000 0.000000 0.000000 0.000000 0.000000 0.000000 0.000000 0.000000 0.000000 0.000000 0.000000 
C    : 0.000000 0.000000 0.000000 0.000000 0.000000 0.000000 0.000000 0.000000 0.000000 0.000000 0.000000 
A_log: 0.000000 0.000000 0.000000 0.000000 0.000000 0.000000 0.000000 0.000000 0.000000 0.000000 0.000000 
C_log: 0.000000 0.000000 0.000000 0.000000 0.000000 0.000000 0.000000 0.000000 0.000000 0.000000 0.000000 
tree[7][0]:
A    : 63.981500 63.981500 63.981500 63.981500 63.981500 63.981500 63.981500 63.981500 63.981500 63.981500 63.981500 
C    : 28.026611 28.026611 28.026611 28.026611 28.026611 28.026611 28.026611 28.026611 28.026611 28.026611 28.026611 
A_log: 63.981500 63.981500 63.981500 63.981500 63.981500 63.981500 63.981500 63.981500 63.981500 63.981500 63.981500 
C_log: 28.026611 28.026611 28.026611 28.026611 28.026611 28.026611 28.026611 28.026611 28.026611 28.026611 28.026611 
tree[7][1]:
A    : 62.726505 62.127166 61.527826 60.928487 60.329148 59.729809 59.130469 58.531130 57.931791 57.332452 56.733113 
C    : 24.416544 23.987150 23.557757 23.128363 22.698969 22.269576 21.840182 21.410789 20.981395 20.552001 20.122608 
A_log: 62.726505 62.099720 61.479198 60.864877 60.256694 59.654588 59.058499 58.468366 57.884130 57.305731 56.733113 
C_log: 24.416544 23.967487 23.522917 23.082790 22.647060 22.215684 21.788619 21.365821 20.947248 20.532858 20.122608 
tree[7][2]:
A    : 60.455509 59.522816 58.590123 57.657431 56.724738 55.792045 54.859352 53.926659 52.993966 52.061274 51.128581 
C    : 20.418935 19.750712 19.082489 18.414266 17.746042 17.077819 16.409596 15.741373 15.073150 14.404927 13.736703 
A_log: 60.455509 59.450932 58.463048 57.491579 56.536253 55.596802 54.672961 53.764471 52.871078 51.992530 51.128581 
C_log: 20.418935 19.699211 18.991446 18.295442 17.611004 16.937938 16.276057 15.625174 14.985107 14.355676 13.736703 
tree[7][3]:
A    : 57.372218 56.326387 55.280555 54.234724 53.188892 52.143061 51.097229 50.051398 49.005566 47.959735 46.913903 
C    : 16.136994 15.387713 14.638433 13.889152 13.139871 12.390590 11.641309 10.892028 10.142748 9.393467 8.644186 
A_log: 57.372218 56.229165 55.108885 54.010926 52.934841 51.880196 50.846562 49.833523 48.840666 47.867591 46.913903 
C_log: 16.136994 15.318059 14.515441 13.728813 12.957857 12.202262 11.461720 10.735933 10.024606 9.327451 8.644186 
tree[7][4]:
A    : 53.649822 52.671845 51.693869 50.715893 49.737916 48.759940 47.781963 46.803987 45.826011 44.848034 43.870058 
C    : 11.657433 10.956766 10.256100 9.555434 8.854767 8.154101 7.453435 6.752768 6.052102 5.351436 4.650769 
A_log: 53.649822 52.580932 51.533337 50.506615 49.500348 48.514130 47.547560 46.600248 45.671810 44.761869 43.870058 
C_log: 11.657433 10.891632 10.141088 9.405498 8.684563 7.977992 7.285498 6.606801 5.941626 5.289703 4.650769 
tree[7][5]:
A    : 49.435144 48.672471 47.909797 47.147124 46.384451 45.621777 44.859104 44.096431 43.333757 42.571084 41.808411 
C    : 7.052766 6.506352 5.959939 5.413525 4.867112 4.320698 3.774285 3.227871 2.681468 2.136212 1.601240 
A_log: 49.435144 48.613690 47.805886 47.011506 46.230325 45.462125 44.706690 43.963808 43.233270 42.514872 41.808411 
C_log: 7.052766 6.464239 5.885492 5.316362 4.756689 4.206316 3.665088 3.132854 2.609827 2.097202 1.608900 
tree[7][6]:
A    : 44.852256 44.423702 43.995147 43.566593 43.138039 42.709484 42.280930 41.852375 41.423821 40.995267 40.566712 
C    : 2.383309 2.076273 1.769245 1.467284 1.181475 0.922868 0.692242 0.492418 0.329604 0.212454 0.112640 
A_log: 44.852256 44.404077 43.960376 43.521108 43.086230 42.655698 42.229467 41.807496 41.389741 40.976160 40.566712 
C_log: 2.383309 2.062213 1.744326 1.440391 1.153691 0.896699 0.670133 0.481631 0.330466 0.220201 0.125870 
tree[7][7]:
A    : 40.005610 40.005610 40.005610 40.005610 40.005610 40.005610 40.005610 40.005610 40.005610 40.005610 40.005610 
C    : 0.000000 0.000000 0.000000 0.000000 0.000000 0.000000 0.000000 0.000000 0.000000 0.000000 0.000000 
A_log: 40.005610 40.005610 40.005610 40.005610 40.005610 40.005610 40.005610 40.005610 40.005610 40.005610 40.005610 
C_log: 0.000000 0.000000 0.000000 0.000000 0.000000 0.000000 0.000000 0.000000 0.000000 0.000000 0.000000 
tree[7][8]:
A    : 0.000000 0.000000 0.000000 0.000000 0.000000 0.000000 0.000000 0.000000 0.000000 0.000000 0.000000 
C    : 0.000000 0.000000 0.000000 0.000000 0.000000 0.000000 0.000000 0.000000 0.000000 0.000000 0.000000 
A_log: 0.000000 0.000000 0.000000 0.000000 0.000000 0.000000 0.000000 0.000000 0.000000 0.000000 0.000000 
C_log: 0.000000 0.000000 0.000000 0.000000 0.000000 0.000000 0.000000 0.000000 0.000000 0.000000 0.000000 
tree[7][9]:
A    : 0.000000 0.000000 0.000000 0.000000 0.000000 0.000000 0.000000 0.000000 0.000000 0.000000 0.000000 
C    : 0.000000 0.000000 0.000000 0.000000 0.000000 0.000000 0.000000 0.000000 0.000000 0.000000 0.000000 
A_log: 0.000000 0.000000 0.000000 0.000000 0.000000 0.000000 0.000000 0.000000 0.000000 0.000000 0.000000 
C_log: 0.000000 0.000000 0.000000 0.000000 0.000000 0.000000 0.000000 0.000000 0.000000 0.000000 0.000000 
tree[7][10]:
A    : 0.000000 0.000000 0.000000 0.000000 0.000000 0.000000 0.000000 0.000000 0.000000 0.000000 0.000000 
C    : 0.000000 0.000000 0.000000 0.000000 0.000000 0.000000 0.000000 0.000000 0.000000 0.000000 0.000000 
A_log: 0.000000 0.000000 0.000000 0.000000 0.000000 0.000000 0.000000 0.000000 0.000000 0.000000 0.000000 
C_log: 0.000000 0.000000 0.000000 0.000000 0.000000 0.000000 0.000000 0.000000 0.000000 0.000000 0.000000 
tree[8][0]:
A    : 66.373993 66.373993 66.373993 66.373993 66.373993 66.373993 66.373993 66.373993 66.373993 66.373993 66.373993 
C    : 29.614775 29.614775 29.614775 29.614775 29.614775 29.614775 29.614775 29.614775 29.614775 29.614775 29.614775 
A_log: 66.373993 66.373993 66.373993 66.373993 66.373993 66.373993 66.373993 66.373993 66.373993 66.373993 66.373993 
C_log: 29.614775 29.614775 29.614775 29.614775 29.614775 29.614775 29.614775 29.614775 29.614775 29.614775 29.614775 
tree[8][1]:
A    : 65.181041 64.536740 63.892439 63.248137 62.603836 61.959535 61.315234 60.670933 60.026632 59.382331 58.738030 
C    : 26.708493 26.186583 25.664673 25.142763 24.620853 24.098942 23.577032 23.055122 22.533212 22.011302 21.489391 
A_log: 65.181041 64.506147 63.838240 63.177250 62.523103 61.875729 61.235059 60.601022 59.973550 59.352575 58.738030 
C_log: 26.708493 26.161801 25.620770 25.085341 24.555455 24.031056 23.512087 22.998491 22.490213 21.987198 21.489391 
tree[8][2]:
A    : 63.022317 61.991390 60.960463 59.929537 58.898610 57.867684 56.836757 55.805831 54.774904 53.743977 52.713051 
C    : 23.263463 22.428370 21.593278 20.758185 19.923093 19.088000 18.252908 17.417815 16.582722 15.747630 14.912537 
A_log: 63.022317 61.906570 60.810577 59.733987 58.676456 57.637649 56.617232 55.614881 54.630276 53.663102 52.713051 
C_log: 23.263463 22.359663 21.471863 20.599782 19.743139 18.901663 18.075084 17.263138 16.465568 15.682117 14.912537 
tree[8][3]:
A    : 60.091455 58.887757 57.684058 56.480360 55.276662 54.072963 52.869265 51.665567 50.461868 49.258170 48.054472 
C    : 19.405956 18.430911 17.455866 16.480822 15.505777 14.530732 13.555687 12.580643 11.605598 10.630553 9.655508 
A_log: 60.091455 58.763118 57.464143 56.193883 54.951703 53.736981 52.549111 51.387499 50.251565 49.140741 48.054472 
C_log: 19.405956 18.329948 17.277726 16.248764 15.242547 14.258573 13.296349 12.355396 11.435243 10.535431 9.655508 
tree[8][4]:
A    : 56.553083 55.352891 54.152699 52.952507 51.752315 50.552123 49.351931 48.151739 46.951547 45.751354 44.551162 
C    : 15.242585 14.270380 13.298176 12.325971 11.353767 10.381562 9.409358 8.437153 7.464949 6.492744 5.520540 
A_log: 56.553083 55.220020 53.918380 52.647422 51.406423 50.194677 49.011494 47.856200 46.728139 45.626669 44.551162 
C_log: 15.242585 14.162750 13.108368 12.078840 11.073581 10.092017 9.133590 8.197755 7.283980 6.391744 5.520540 
tree[8][5]:
A    : 52.546767 51.494197 50.441627 49.389057 48.336488 47.283918 46.231348 45.178778 44.126208 43.073638 42.021068 
C    : 10.863021 10.010397 9.157772 8.305148 7.452523 6.599899 5.747274 4.894650 4.042025 3.189401 2.336776 
A_log: 52.546767 51.385207 50.249323 49.138549 48.052328 46.990119 45.951390 44.935622 43.942309 42.970952 42.021068 
C_log: 10.863021 9.922110 9.001998 8.102226 7.222343 6.361910 5.520497 4.697684 3.893059 3.106221 2.336776 
tree[8][6]:
A    : 48.190444 47.402139 46.613834 45.825529 45.037224 44.248919 43.460613 42.672308 41.884003 41.095698 40.307393 
C    : 6.342351 5.703792 5.065233 4.426673 3.788114 3.149555 2.510996 1.872459 1.237053 0.635609 0.225561 
A_log: 48.190444 47.337280 46.499222 45.676000 44.867352 44.073021 43.292752 42.526298 41.773413 41.033856 40.307393 
C_log: 6.342351 5.651254 4.972392 4.305549 3.650511 3.007071 2.375021 1.755074 1.151376 0.621331 0.251905 
tree[8][7]:
A    : 43.583403 43.152590 42.721777 42.290964 41.860151 41.429338 40.998525 40.567712 40.136899 39.706086 39.275273 
C    : 1.743122 1.394146 1.045186 0.711873 0.431920 0.235409 0.089727 0.041524 0.000000 0.000000 0.000000 
A_log: 43.583403 43.132134 42.685537 42.243565 41.806168 41.373301 40.944916 40.520966 40.101406 39.686190 39.275273 
C_log: 1.743122 1.377575 1.015814 0.690804 0.408795 0.222465 0.080651 0.038417 0.000711 0.000000 0.000000 
tree[8][8]:
A    : 38.808876 38.808876 38.808876 38.808876 38.808876 38.808876 38.808876 38.808876 38.808876 38.808876 38.808876 
C    : 0.000000 0.000000 0.000000 0.000000 0.000000 0.000000 0.000000 0.000000 0.000000 0.000000 0.000000 
A_log: 38.808876 38.808876 38.808876 38.808876 38.808876 38.808876 38.808876 38.808876 38.808876 38.808876 38.808876 
C_log: 0.000000 0.000000 0.000000 0.000000 0.000000 0.000000 0.000000 0.000000 0.000000 0.000000 0.000000 
tree[8][9]:
A    : 0.000000 0.000000 0.000000 0.000000 0.000000 0.000000 0.000000 0.000000 0.000000 0.000000 0.000000 
C    : 0.000000 0.000000 0.000000 0.000000 0.000000 0.000000 0.000000 0.000000 0.000000 0.000000 0.000000 
A_log: 0.000000 0.000000 0.000000 0.000000 0.000000 0.000000 0.000000 0.000000 0.000000 0.000000 0.000000 
C_log: 0.000000 0.000000 0.000000 0.000000 0.000000 0.000000 0.000000 0.000000 0.000000 0.000000 0.000000 
tree[8][10]:
A    : 0.000000 0.000000 0.000000 0.000000 0.000000 0.000000 0.000000 0.000000 0.000000 0.000000 0.000000 
C    : 0.000000 0.000000 0.000000 0.000000 0.000000 0.000000 0.000000 0.000000 0.000000 0.000000 0.000000 
A_log: 0.000000 0.000000 0.000000 0.000000 0.000000 0.000000 0.000000 0.000000 0.000000 0.000000 0.000000 
C_log: 0.000000 0.000000 0.000000 0.000000 0.000000 0.000000 0.000000 0.000000 0.000000 0.000000 0.000000 
tree[9][0]:
A    : 68.881310 68.881310 68.881310 68.881310 68.881310 68.881310 68.881310 68.881310 68.881310 68.881310 68.881310 
C    : 30.799179 30.799179 30.799179 30.799179 30.799179 30.799179 30.799179 30.799179 30.799179 30.799179 30.799179 
A_log: 68.881310 68.881310 68.881310 68.881310 68.881310 68.881310 68.881310 68.881310 68.881310 68.881310 68.881310 
C_log: 30.799179 30.799179 30.799179 30.799179 30.799179 30.799179 30.799179 30.799179 30.799179 30.799179 30.799179 
tree[9][1]:
A    : 67.733159 67.045923 66.358686 65.671449 64.984213 64.296976 63.609739 62.922503 62.235266 61.548029 60.860793 
C    : 28.719445 28.097800 27.476155 26.854511 26.232866 25.611222 24.989577 24.367932 23.746288 23.124643 22.502999 
A_log: 67.733159 67.012367 66.299246 65.593713 64.895688 64.205091 63.521844 62.845867 62.177084 61.515418 60.860793 
C_log: 28.719445 28.067447 27.422388 26.784194 26.152791 25.528107 24.910071 24.298611 23.693659 23.095144 22.502999 
tree[9][2]:
A    : 65.655506 64.533387 63.411268 62.289149 61.167030 60.044911 58.922792 57.800673 56.678554 55.556434 54.434315 
C    : 25.929645 24.914624 23.899604 22.884583 21.869563 20.854542 19.839522 18.824501 17.809481 16.794460 15.779440 
A_log: 65.655506 64.436407 63.239944 62.065697 60.913254 59.782209 58.672166 57.582734 56.513531 55.464181 54.434315 
C_log: 25.929645 24.826900 23.744631 22.682458 21.640008 20.616914 19.612817 18.627364 17.660209 16.711012 15.779440 
tree[9][3]:
A    : 62.834714 61.487608 60.140502 58.793395 57.446289 56.099183 54.752077 53.404971 52.057865 50.710759 49.363653 
C    : 22.581942 21.363408 20.144874 18.926340 17.707806 16.489272 15.270738 14.052204 12.833671 11.615137 10.396603 
A_log: 62.834714 61.336700 59.874399 58.446961 57.053554 55.693366 54.365606 53.069500 51.804294 50.569252 49.363653 
C_log: 22.581942 21.226903 19.904170 18.612971 17.352555 16.122187 14.921153 13.748752 12.604301 11.487135 10.396603 
tree[9][4]:
A    : 59.429226 58.030599 56.631973 55.233347 53.834720 52.436094 51.037468 49.638841 48.240215 46.841589 45.442962 
C    : 18.805307 17.540170 16.275033 15.009896 13.744759 12.479622 11.214485 9.949348 8.684211 7.419074 6.153937 
A_log: 59.429226 57.855777 56.323986 54.832752 53.380999 51.967683 50.591786 49.252317 47.948312 46.678832 45.442962 
C_log: 18.805307 17.382033 15.996441 14.647535 13.334342 12.055917 10.811340 9.599715 8.420168 7.271851 6.153937 
tree[9][5]:
A    : 55.573367 54.265486 52.957605 51.649723 50.341842 49.033961 47.726079 46.418198 45.110316 43.802435 42.494554 
C    : 14.708693 13.525641 12.342588 11.159535 9.976482 8.793429 7.610376 6.427323 5.244270 4.061217 2.878164 
A_log: 55.573367 54.102006 52.669600 51.275119 49.917559 48.595941 47.309314 46.056752 44.837353 43.650238 42.494554 
C_log: 14.708693 13.377764 12.082072 10.820684 9.592693 8.397215 7.233388 6.100374 4.997358 3.923546 2.878164 
tree[9][6]:
A    : 51.380646 50.279102 49.177559 48.076015 46.974472 45.872928 44.771384 43.669841 42.568297 41.466753 40.365210 
C    : 10.383802 9.387393 8.390984 7.394576 6.398167 5.401758 4.405349 3.408940 2.412532 1.416123 0.422742 
A_log: 51.380646 50.155704 48.959964 47.792732 46.653327 45.541086 44.455362 43.395522 42.360949 41.351041 40.365210 
C_log: 10.383802 9.275772 8.194158 7.138330 6.107673 5.101589 4.119489 3.160804 2.224974 1.311455 0.466233 
tree[9][7]:
A    : 46.946623 46.144258 45.341892 44.539527 43.737162 42.934796 42.132431 41.330066 40.527700 39.725335 38.922970 
C    : 5.907476 5.181691 4.455906 3.730121 3.004336 2.278551 1.552766 0.827226 0.184902 0.000000 0.000000 
A_log: 46.946623 46.074912 45.219388 44.379749 43.555700 42.746953 41.953222 41.174230 40.409702 39.659370 38.922970 
C_log: 5.907476 5.118964 4.345094 3.585592 2.840194 2.108636 1.390661 0.699763 0.150037 0.000000 0.000000 
tree[9][8]:
A    : 42.351404 41.921697 41.491990 41.062282 40.632575 40.202867 39.773160 39.343453 38.913745 38.484038 38.054331 
C    : 1.343784 0.955090 0.566395 0.222233 0.026653 0.012333 0.000000 0.000000 0.000000 0.000000 0.000000 
A_log: 42.351404 41.900716 41.454824 41.013676 40.577223 40.145415 39.718202 39.295535 38.877366 38.463647 38.054331 
C_log: 1.343784 0.936111 0.532776 0.219622 0.013557 0.000000 0.000000 0.000000 0.000000 0.000000 0.000000 
tree[9][9]:
A    : 37.661808 37.661808 37.661808 37.661808 37.661808 37.661808 37.661808 37.661808 37.661808 37.661808 37.661808 
C    : 0.000000 0.000000 0.000000 0.000000 0.000000 0.000000 0.000000 0.000000 0.000000 0.000000 0.000000 
A_log: 37.661808 37.661808 37.661808 37.661808 37.661808 37.661808 37.661808 37.661808 37.661808 37.661808 37.661808 
C_log: 0.000000 0.000000 0.000000 0.000000 0.000000 0.000000 0.000000 0.000000 0.000000 0.000000 0.000000 
tree[9][10]:
A    : 0.000000 0.000000 0.000000 0.000000 0.000000 0.000000 0.000000 0.000000 0.000000 0.000000 0.000000 
C    : 0.000000 0.000000 0.000000 0.000000 0.000000 0.000000 0.000000 0.000000 0.000000 0.000000 0.000000 
A_log: 0.000000 0.000000 0.000000 0.000000 0.000000 0.000000 0.000000 0.000000 0.000000 0.000000 0.000000 
C_log: 0.000000 0.000000 0.000000 0.000000 0.000000 0.000000 0.000000 0.000000 0.000000 0.000000 0.000000 
tree[10][0]:
A    : 71.509560 71.509560 71.509560 71.509560 71.509560 71.509560 71.509560 71.509560 71.509560 71.509560 71.509560 
C    : 31.509560 31.509560 31.509560 31.509560 31.509560 31.509560 31.509560 31.509560 31.509560 31.509560 31.509560 
A_log: 71.509560 71.509560 71.509560 71.509560 71.509560 71.509560 71.509560 71.509560 71.509560 71.509560 71.509560 
C_log: 31.509560 31.509560 31.509560 31.509560 31.509560 31.509560 31.509560 31.509560 31.509560 31.509560 31.509560 
tree[10][1]:
A    : 70.393366 69.664228 68.935091 68.205953 67.476815 66.747677 66.018539 65.289401 64.560263 63.831125 63.101987 
C    : 30.393366 29.664228 28.935091 28.205953 27.476815 26.747677 26.018539 25.289401 24.560263 23.831125 23.101987 
A_log: 70.393366 69.627831 68.870620 68.121645 67.380814 66.648040 65.923236 65.206313 64.497187 63.795773 63.101987 
C_log: 30.393366 29.627831 28.870620 28.121645 27.380814 26.648040 25.923236 25.206313 24.497187 23.795773 23.101987 
tree[10][2]:
A    : 68.373542 67.164556 65.955570 64.746584 63.537598 62.328613 61.119627 59.910641 58.701655 57.492669 56.283684 
C    : 28.373542 27.164556 25.955570 24.746584 23.537598 22.328613 21.119627 19.910641 18.701655 17.492669 16.283684 
A_log: 68.373542 67.055981 65.763810 64.496539 63.253688 62.034787 60.839374 59.666997 58.517212 57.389583 56.283684 
C_log: 28.373542 27.055981 25.763810 24.496539 23.253688 22.034787 20.839374 19.666997 18.517212 17.389583 16.283684 
tree[10][3]:
A    : 65.631261 64.150184 62.669106 61.188029 59.706951 58.225874 56.744796 55.263718 53.782641 52.301563 50.820486 
C    : 25.631261 24.150184 22.669106 21.188029 19.706951 18.225874 16.744796 15.263718 13.782641 12.301563 10.820486 
A_log: 65.631261 63.974007 62.358601 60.783985 59.249130 57.753031 56.294710 54.873213 53.487611 52.136996 50.820486 
C_log: 25.631261 23.974007 22.358601 20.783985 19.249130 17.753031 16.294710 14.873213 13.487611 12.136996 10.820486 
tree[10][4]:
A    : 62.320560 60.739492 59.158423 57.577355 55.996287 54.415218 52.834150 51.253082 49.672013 48.090945 46.509877 
C    : 22.320560 20.739492 19.158423 17.577355 15.996287 14.415218 12.834150 11.253082 9.672013 8.090945 6.509877 
A_log: 62.320560 60.523318 58.777907 57.082830 55.436638 53.837919 52.285306 50.777467 49.313113 47.890989 46.509877 
C_log: 22.320560 20.523318 18.777907 17.082830 15.436638 13.837919 12.285306 10.777467 9.313113 7.890989 6.509877 
tree[10][5]:
A    : 58.572023 57.032508 55.492992 53.953476 52.413961 50.874445 49.334930 47.795414 46.255898 44.716383 43.176867 
C    : 18.572023 17.032508 15.492992 13.953476 12.413961 10.874445 9.334930 7.795414 6.255898 4.716383 3.176867 
A_log: 58.572023 56.812816 55.106446 53.451328 51.845920 50.288731 48.778312 47.313258 45.892207 44.513838 43.176867 
C_log: 18.572023 16.812816 15.106446 13.451328 11.845920 10.288731 8.778312 7.313258 5.892207 4.513838 3.176867 
tree[10][6]:
A    : 54.496000 53.113440 51.730881 50.348321 48.965761 47.583201 46.200641 44.818082 43.435522 42.052962 40.670402 
C    : 14.496000 13.113440 11.730881 10.348321 8.965761 7.583201 6.200641 4.818082 3.435522 2.052962 0.670402 
A_log: 54.496000 52.924408 51.398139 49.915885 48.476378 47.078384 45.720706 44.402182 43.121683 41.878111 40.670402 
C_log: 14.496000 12.924408 11.398139 9.915885 8.476378 7.078384 5.720706 4.402182 3.121683 1.878111 0.670402 
tree[10][7]:
A    : 50.185391 49.052875 47.920359 46.787843 45.655327 44.522811 43.390295 42.257779 41.125263 39.992747 38.860231 
C    : 10.185391 9.052875 7.920359 6.787843 5.655327 4.522811 3.390295 2.257779 1.125263 0.000000 0.000000 
A_log: 50.185391 48.918161 47.682929 46.478888 45.305251 44.161249 43.046134 41.959176 40.899666 39.866909 38.860231 
C_log: 10.185391 8.918161 7.682929 6.478888 5.305251 4.161249 3.046134 1.959176 0.899666 0.000000 0.000000 
tree[10][8]:
A    : 45.718073 44.909683 44.101293 43.292903 42.484512 41.676122 40.867732 40.059342 39.250952 38.442561 37.634171 
C    : 5.718073 4.909683 4.101293 3.292903 2.484512 1.676122 0.867732 0.059342 0.000000 0.000000 0.000000 
A_log: 45.718073 44.837084 43.973072 43.125709 42.294675 41.479655 40.680341 39.896429 39.127623 38.373632 37.634171 
C_log: 5.718073 4.837084 3.973072 3.125709 2.294675 1.479655 0.680341 0.000000 0.000000 0.000000 0.000000 
tree[10][9]:
A    : 41.159004 40.732677 40.306350 39.880023 39.453696 39.027369 38.601042 38.174715 37.748388 37.322061 36.895734 
C    : 1.159004 0.732677 0.306350 0.000000 0.000000 0.000000 0.000000 0.000000 0.000000 0.000000 0.000000 
A_log: 41.159004 40.711395 40.268655 39.830728 39.397565 38.969112 38.545319 38.126134 37.711508 37.301391 36.895734 
C_log: 1.159004 0.711395 0.268655 0.000000 0.000000 0.000000 0.000000 0.000000 0.000000 0.000000 0.000000 
tree[10][10]:
A    : 36.562048 36.562048 36.562048 36.562048 36.562048 36.562048 36.562048 36.562048 36.562048 36.562048 36.562048 
C    : 0.000000 0.000000 0.000000 0.000000 0.000000 0.000000 0.000000 0.000000 0.000000 0.000000 0.000000 
A_log: 36.562048 36.562048 36.562048 36.562048 36.562048 36.562048 36.562048 36.562048 36.562048 36.562048 36.562048 
C_log: 0.000000 0.000000 0.000000 0.000000 0.000000 0.000000 0.000000 0.000000 0.000000 0.000000 0.000000 
-----------------------------------------------------------------------------
###Binomial Tree Model for European and American arithmetic average calls.###
Computational time(Sequential search):        0.0018 s
Computational time(Binary search):            2.0000 s
Computational time(Interpolation search):     2.0000 s
European(Linear):    10.141914
European(Logarithm): 10.142300
American(Linear):    11.385302
American(Logarithm): 11.385233
-----------------------------------------------------------------------------
